This file contains any messages produced by compilers while
running configure, to aid debugging if configure makes a mistake.

It was created by SUNDIALS configure 2.3.0, which was
generated by GNU Autoconf 2.60.  Invocation command line was

  $ ./configure CC=g++ --prefix=/home/cserv2_a/soc_staff/scsjhb/Programming/TestingCodeForPaper/WormSim/Sundials --disable-mpi --disable-fcmix

## --------- ##
## Platform. ##
## --------- ##

hostname = cslin189.csunix.comp.leeds.ac.uk
uname -m = x86_64
uname -r = 2.6.32.19-163.fc12.x86_64
uname -s = Linux
uname -v = #1 SMP Wed Aug 18 11:38:54 UTC 2010

/usr/bin/uname -p = unknown
/bin/uname -X     = unknown

/bin/arch              = x86_64
/usr/bin/arch -k       = unknown
/usr/convex/getsysinfo = unknown
/usr/bin/hostinfo      = unknown
/bin/machine           = unknown
/usr/bin/oslevel       = unknown
/bin/universe          = unknown

PATH: .
PATH: /export/mailgrp2_f/scsjhb/bin/
PATH: /usr/local/bin
PATH: /export/mailgrp2_f/scsjhb/Writing/revtex
PATH: /export/mailgrp2_f/scsjhb/bin
PATH: /usr/local/bin
PATH: /usr/bin
PATH: .
PATH: /export/mailgrp2_f/scsjhb/bin/
PATH: /usr/local/bin
PATH: /export/mailgrp2_f/scsjhb/Writing/revtex
PATH: /export/mailgrp2_f/scsjhb/bin
PATH: /usr/local/bin
PATH: /usr/bin
PATH: /usr/lib64/qt-3.3/bin
PATH: /usr/kerberos/sbin
PATH: /usr/kerberos/bin
PATH: /usr/lib64/ccache
PATH: /usr/local/bin
PATH: /usr/bin
PATH: /bin
PATH: /usr/X11R6/bin
PATH: /export/mailgrp2_f/scsjhb
PATH: /usr/X11R6/bin
PATH: /export/mailgrp2_f/scsjhb


## ----------- ##
## Core tests. ##
## ----------- ##

configure:2262: checking build system type
configure:2280: result: x86_64-unknown-linux-gnu
configure:2304: checking host system type
configure:2319: result: x86_64-unknown-linux-gnu
configure:2345: checking whether make sets $(MAKE)
configure:2366: result: yes
configure:2391: checking for a BSD-compatible install
configure:2447: result: /usr/bin/install -c
configure:2839: checking for C compiler version
configure:2846: g++ --version >&5
g++ (GCC) 4.4.3 20100127 (Red Hat 4.4.3-4)
Copyright (C) 2010 Free Software Foundation, Inc.
This is free software; see the source for copying conditions.  There is NO
warranty; not even for MERCHANTABILITY or FITNESS FOR A PARTICULAR PURPOSE.

configure:2849: $? = 0
configure:2856: g++ -v >&5
Using built-in specs.
Target: x86_64-redhat-linux
Configured with: ../configure --prefix=/usr --mandir=/usr/share/man --infodir=/usr/share/info --with-bugurl=http://bugzilla.redhat.com/bugzilla --enable-bootstrap --enable-shared --enable-threads=posix --enable-checking=release --with-system-zlib --enable-__cxa_atexit --disable-libunwind-exceptions --enable-gnu-unique-object --enable-languages=c,c++,objc,obj-c++,java,fortran,ada --enable-java-awt=gtk --disable-dssi --enable-plugin --with-java-home=/usr/lib/jvm/java-1.5.0-gcj-1.5.0.0/jre --enable-libgcj-multifile --enable-java-maintainer-mode --with-ecj-jar=/usr/share/java/eclipse-ecj.jar --disable-libjava-multilib --with-ppl --with-cloog --with-tune=generic --with-arch_32=i686 --build=x86_64-redhat-linux
Thread model: posix
gcc version 4.4.3 20100127 (Red Hat 4.4.3-4) (GCC) 
configure:2859: $? = 0
configure:2866: g++ -V >&5
g++: '-V' option must have argument
configure:2869: $? = 1
configure:2892: checking for C compiler default output file name
configure:2919: g++    conftest.c  >&5
configure:2922: $? = 0
configure:2968: result: a.out
configure:2973: checking whether the C compiler works
configure:2983: ./a.out
configure:2986: $? = 0
configure:3003: result: yes
configure:3010: checking whether we are cross compiling
configure:3012: result: no
configure:3015: checking for suffix of executables
configure:3022: g++ -o conftest    conftest.c  >&5
configure:3025: $? = 0
configure:3049: result: 
configure:3055: checking for suffix of object files
configure:3081: g++ -c   conftest.c >&5
configure:3084: $? = 0
configure:3107: result: o
configure:3111: checking whether we are using the GNU C compiler
configure:3140: g++ -c   conftest.c >&5
configure:3146: $? = 0
configure:3153: test -z "$ac_c_werror_flag" || test ! -s conftest.err
configure:3156: $? = 0
configure:3163: test -s conftest.o
configure:3166: $? = 0
configure:3180: result: yes
configure:3185: checking whether g++ accepts -g
configure:3215: g++ -c -g  conftest.c >&5
configure:3221: $? = 0
configure:3228: test -z "$ac_c_werror_flag" || test ! -s conftest.err
configure:3231: $? = 0
configure:3238: test -s conftest.o
configure:3241: $? = 0
configure:3371: result: yes
configure:3388: checking for g++ option to accept ISO C89
configure:3462: g++  -c -g -O2  conftest.c >&5
conftest.c:15: error: 'p' was not declared in this scope
conftest.c:15: error: 'i' was not declared in this scope
conftest.c:15: error: initializer expression list treated as compound expression
conftest.c:16: error: expected ',' or ';' before 'char'
conftest.c:18: error: expected unqualified-id before '{' token
conftest.c: In function 'int main()':
conftest.c:54: error: cannot convert 'char*' to 'char* (*)(char**, int)' for argument '1' to 'char* f(char* (*)(char**, int), char**, ...)'
conftest.c:54: error: cannot convert 'char*' to 'char* (*)(char**, int)' for argument '1' to 'char* f(char* (*)(char**, int), char**, ...)'
configure:3468: $? = 1
configure: failed program was:
| /* confdefs.h.  */
| #define PACKAGE_NAME "SUNDIALS"
| #define PACKAGE_TARNAME "sundials"
| #define PACKAGE_VERSION "2.3.0"
| #define PACKAGE_STRING "SUNDIALS 2.3.0"
| #define PACKAGE_BUGREPORT "radu@llnl.gov"
| /* end confdefs.h.  */
| #include <stdarg.h>
| #include <stdio.h>
| #include <sys/types.h>
| #include <sys/stat.h>
| /* Most of the following tests are stolen from RCS 5.7's src/conf.sh.  */
| struct buf { int x; };
| FILE * (*rcsopen) (struct buf *, struct stat *, int);
| static char *e (p, i)
|      char **p;
|      int i;
| {
|   return p[i];
| }
| static char *f (char * (*g) (char **, int), char **p, ...)
| {
|   char *s;
|   va_list v;
|   va_start (v,p);
|   s = g (p, va_arg (v,int));
|   va_end (v);
|   return s;
| }
| 
| /* OSF 4.0 Compaq cc is some sort of almost-ANSI by default.  It has
|    function prototypes and stuff, but not '\xHH' hex character constants.
|    These don't provoke an error unfortunately, instead are silently treated
|    as 'x'.  The following induces an error, until -std is added to get
|    proper ANSI mode.  Curiously '\x00'!='x' always comes out true, for an
|    array size at least.  It's necessary to write '\x00'==0 to get something
|    that's true only with -std.  */
| int osf4_cc_array ['\x00' == 0 ? 1 : -1];
| 
| /* IBM C 6 for AIX is almost-ANSI by default, but it replaces macro parameters
|    inside strings and character constants.  */
| #define FOO(x) 'x'
| int xlc6_cc_array[FOO(a) == 'x' ? 1 : -1];
| 
| int test (int i, double x);
| struct s1 {int (*f) (int a);};
| struct s2 {int (*f) (double a);};
| int pairnames (int, char **, FILE *(*)(struct buf *, struct stat *, int), int, int);
| int argc;
| char **argv;
| int
| main ()
| {
| return f (e, argv, 0) != argv[0]  ||  f (e, argv, 1) != argv[1];
|   ;
|   return 0;
| }
configure:3462: g++ -qlanglvl=extc89 -c -g -O2  conftest.c >&5
g++: unrecognized option '-qlanglvl=extc89'
conftest.c:15: error: 'p' was not declared in this scope
conftest.c:15: error: 'i' was not declared in this scope
conftest.c:15: error: initializer expression list treated as compound expression
conftest.c:16: error: expected ',' or ';' before 'char'
conftest.c:18: error: expected unqualified-id before '{' token
conftest.c: In function 'int main()':
conftest.c:54: error: cannot convert 'char*' to 'char* (*)(char**, int)' for argument '1' to 'char* f(char* (*)(char**, int), char**, ...)'
conftest.c:54: error: cannot convert 'char*' to 'char* (*)(char**, int)' for argument '1' to 'char* f(char* (*)(char**, int), char**, ...)'
configure:3468: $? = 1
configure: failed program was:
| /* confdefs.h.  */
| #define PACKAGE_NAME "SUNDIALS"
| #define PACKAGE_TARNAME "sundials"
| #define PACKAGE_VERSION "2.3.0"
| #define PACKAGE_STRING "SUNDIALS 2.3.0"
| #define PACKAGE_BUGREPORT "radu@llnl.gov"
| /* end confdefs.h.  */
| #include <stdarg.h>
| #include <stdio.h>
| #include <sys/types.h>
| #include <sys/stat.h>
| /* Most of the following tests are stolen from RCS 5.7's src/conf.sh.  */
| struct buf { int x; };
| FILE * (*rcsopen) (struct buf *, struct stat *, int);
| static char *e (p, i)
|      char **p;
|      int i;
| {
|   return p[i];
| }
| static char *f (char * (*g) (char **, int), char **p, ...)
| {
|   char *s;
|   va_list v;
|   va_start (v,p);
|   s = g (p, va_arg (v,int));
|   va_end (v);
|   return s;
| }
| 
| /* OSF 4.0 Compaq cc is some sort of almost-ANSI by default.  It has
|    function prototypes and stuff, but not '\xHH' hex character constants.
|    These don't provoke an error unfortunately, instead are silently treated
|    as 'x'.  The following induces an error, until -std is added to get
|    proper ANSI mode.  Curiously '\x00'!='x' always comes out true, for an
|    array size at least.  It's necessary to write '\x00'==0 to get something
|    that's true only with -std.  */
| int osf4_cc_array ['\x00' == 0 ? 1 : -1];
| 
| /* IBM C 6 for AIX is almost-ANSI by default, but it replaces macro parameters
|    inside strings and character constants.  */
| #define FOO(x) 'x'
| int xlc6_cc_array[FOO(a) == 'x' ? 1 : -1];
| 
| int test (int i, double x);
| struct s1 {int (*f) (int a);};
| struct s2 {int (*f) (double a);};
| int pairnames (int, char **, FILE *(*)(struct buf *, struct stat *, int), int, int);
| int argc;
| char **argv;
| int
| main ()
| {
| return f (e, argv, 0) != argv[0]  ||  f (e, argv, 1) != argv[1];
|   ;
|   return 0;
| }
configure:3462: g++ -qlanglvl=ansi -c -g -O2  conftest.c >&5
g++: unrecognized option '-qlanglvl=ansi'
conftest.c:15: error: 'p' was not declared in this scope
conftest.c:15: error: 'i' was not declared in this scope
conftest.c:15: error: initializer expression list treated as compound expression
conftest.c:16: error: expected ',' or ';' before 'char'
conftest.c:18: error: expected unqualified-id before '{' token
conftest.c: In function 'int main()':
conftest.c:54: error: cannot convert 'char*' to 'char* (*)(char**, int)' for argument '1' to 'char* f(char* (*)(char**, int), char**, ...)'
conftest.c:54: error: cannot convert 'char*' to 'char* (*)(char**, int)' for argument '1' to 'char* f(char* (*)(char**, int), char**, ...)'
configure:3468: $? = 1
configure: failed program was:
| /* confdefs.h.  */
| #define PACKAGE_NAME "SUNDIALS"
| #define PACKAGE_TARNAME "sundials"
| #define PACKAGE_VERSION "2.3.0"
| #define PACKAGE_STRING "SUNDIALS 2.3.0"
| #define PACKAGE_BUGREPORT "radu@llnl.gov"
| /* end confdefs.h.  */
| #include <stdarg.h>
| #include <stdio.h>
| #include <sys/types.h>
| #include <sys/stat.h>
| /* Most of the following tests are stolen from RCS 5.7's src/conf.sh.  */
| struct buf { int x; };
| FILE * (*rcsopen) (struct buf *, struct stat *, int);
| static char *e (p, i)
|      char **p;
|      int i;
| {
|   return p[i];
| }
| static char *f (char * (*g) (char **, int), char **p, ...)
| {
|   char *s;
|   va_list v;
|   va_start (v,p);
|   s = g (p, va_arg (v,int));
|   va_end (v);
|   return s;
| }
| 
| /* OSF 4.0 Compaq cc is some sort of almost-ANSI by default.  It has
|    function prototypes and stuff, but not '\xHH' hex character constants.
|    These don't provoke an error unfortunately, instead are silently treated
|    as 'x'.  The following induces an error, until -std is added to get
|    proper ANSI mode.  Curiously '\x00'!='x' always comes out true, for an
|    array size at least.  It's necessary to write '\x00'==0 to get something
|    that's true only with -std.  */
| int osf4_cc_array ['\x00' == 0 ? 1 : -1];
| 
| /* IBM C 6 for AIX is almost-ANSI by default, but it replaces macro parameters
|    inside strings and character constants.  */
| #define FOO(x) 'x'
| int xlc6_cc_array[FOO(a) == 'x' ? 1 : -1];
| 
| int test (int i, double x);
| struct s1 {int (*f) (int a);};
| struct s2 {int (*f) (double a);};
| int pairnames (int, char **, FILE *(*)(struct buf *, struct stat *, int), int, int);
| int argc;
| char **argv;
| int
| main ()
| {
| return f (e, argv, 0) != argv[0]  ||  f (e, argv, 1) != argv[1];
|   ;
|   return 0;
| }
configure:3462: g++ -std -c -g -O2  conftest.c >&5
cc1plus: error: unrecognized command line option "-std"
configure:3468: $? = 1
configure: failed program was:
| /* confdefs.h.  */
| #define PACKAGE_NAME "SUNDIALS"
| #define PACKAGE_TARNAME "sundials"
| #define PACKAGE_VERSION "2.3.0"
| #define PACKAGE_STRING "SUNDIALS 2.3.0"
| #define PACKAGE_BUGREPORT "radu@llnl.gov"
| /* end confdefs.h.  */
| #include <stdarg.h>
| #include <stdio.h>
| #include <sys/types.h>
| #include <sys/stat.h>
| /* Most of the following tests are stolen from RCS 5.7's src/conf.sh.  */
| struct buf { int x; };
| FILE * (*rcsopen) (struct buf *, struct stat *, int);
| static char *e (p, i)
|      char **p;
|      int i;
| {
|   return p[i];
| }
| static char *f (char * (*g) (char **, int), char **p, ...)
| {
|   char *s;
|   va_list v;
|   va_start (v,p);
|   s = g (p, va_arg (v,int));
|   va_end (v);
|   return s;
| }
| 
| /* OSF 4.0 Compaq cc is some sort of almost-ANSI by default.  It has
|    function prototypes and stuff, but not '\xHH' hex character constants.
|    These don't provoke an error unfortunately, instead are silently treated
|    as 'x'.  The following induces an error, until -std is added to get
|    proper ANSI mode.  Curiously '\x00'!='x' always comes out true, for an
|    array size at least.  It's necessary to write '\x00'==0 to get something
|    that's true only with -std.  */
| int osf4_cc_array ['\x00' == 0 ? 1 : -1];
| 
| /* IBM C 6 for AIX is almost-ANSI by default, but it replaces macro parameters
|    inside strings and character constants.  */
| #define FOO(x) 'x'
| int xlc6_cc_array[FOO(a) == 'x' ? 1 : -1];
| 
| int test (int i, double x);
| struct s1 {int (*f) (int a);};
| struct s2 {int (*f) (double a);};
| int pairnames (int, char **, FILE *(*)(struct buf *, struct stat *, int), int, int);
| int argc;
| char **argv;
| int
| main ()
| {
| return f (e, argv, 0) != argv[0]  ||  f (e, argv, 1) != argv[1];
|   ;
|   return 0;
| }
configure:3462: g++ -Ae -c -g -O2  conftest.c >&5
<command-line>: error: missing '(' after predicate
conftest.c:15: error: 'p' was not declared in this scope
conftest.c:15: error: 'i' was not declared in this scope
conftest.c:15: error: initializer expression list treated as compound expression
conftest.c:16: error: expected ',' or ';' before 'char'
conftest.c:18: error: expected unqualified-id before '{' token
conftest.c: In function 'int main()':
conftest.c:54: error: cannot convert 'char*' to 'char* (*)(char**, int)' for argument '1' to 'char* f(char* (*)(char**, int), char**, ...)'
conftest.c:54: error: cannot convert 'char*' to 'char* (*)(char**, int)' for argument '1' to 'char* f(char* (*)(char**, int), char**, ...)'
configure:3468: $? = 1
configure: failed program was:
| /* confdefs.h.  */
| #define PACKAGE_NAME "SUNDIALS"
| #define PACKAGE_TARNAME "sundials"
| #define PACKAGE_VERSION "2.3.0"
| #define PACKAGE_STRING "SUNDIALS 2.3.0"
| #define PACKAGE_BUGREPORT "radu@llnl.gov"
| /* end confdefs.h.  */
| #include <stdarg.h>
| #include <stdio.h>
| #include <sys/types.h>
| #include <sys/stat.h>
| /* Most of the following tests are stolen from RCS 5.7's src/conf.sh.  */
| struct buf { int x; };
| FILE * (*rcsopen) (struct buf *, struct stat *, int);
| static char *e (p, i)
|      char **p;
|      int i;
| {
|   return p[i];
| }
| static char *f (char * (*g) (char **, int), char **p, ...)
| {
|   char *s;
|   va_list v;
|   va_start (v,p);
|   s = g (p, va_arg (v,int));
|   va_end (v);
|   return s;
| }
| 
| /* OSF 4.0 Compaq cc is some sort of almost-ANSI by default.  It has
|    function prototypes and stuff, but not '\xHH' hex character constants.
|    These don't provoke an error unfortunately, instead are silently treated
|    as 'x'.  The following induces an error, until -std is added to get
|    proper ANSI mode.  Curiously '\x00'!='x' always comes out true, for an
|    array size at least.  It's necessary to write '\x00'==0 to get something
|    that's true only with -std.  */
| int osf4_cc_array ['\x00' == 0 ? 1 : -1];
| 
| /* IBM C 6 for AIX is almost-ANSI by default, but it replaces macro parameters
|    inside strings and character constants.  */
| #define FOO(x) 'x'
| int xlc6_cc_array[FOO(a) == 'x' ? 1 : -1];
| 
| int test (int i, double x);
| struct s1 {int (*f) (int a);};
| struct s2 {int (*f) (double a);};
| int pairnames (int, char **, FILE *(*)(struct buf *, struct stat *, int), int, int);
| int argc;
| char **argv;
| int
| main ()
| {
| return f (e, argv, 0) != argv[0]  ||  f (e, argv, 1) != argv[1];
|   ;
|   return 0;
| }
configure:3462: g++ -Aa -D_HPUX_SOURCE -c -g -O2  conftest.c >&5
<command-line>: error: missing '(' after predicate
conftest.c:15: error: 'p' was not declared in this scope
conftest.c:15: error: 'i' was not declared in this scope
conftest.c:15: error: initializer expression list treated as compound expression
conftest.c:16: error: expected ',' or ';' before 'char'
conftest.c:18: error: expected unqualified-id before '{' token
conftest.c: In function 'int main()':
conftest.c:54: error: cannot convert 'char*' to 'char* (*)(char**, int)' for argument '1' to 'char* f(char* (*)(char**, int), char**, ...)'
conftest.c:54: error: cannot convert 'char*' to 'char* (*)(char**, int)' for argument '1' to 'char* f(char* (*)(char**, int), char**, ...)'
configure:3468: $? = 1
configure: failed program was:
| /* confdefs.h.  */
| #define PACKAGE_NAME "SUNDIALS"
| #define PACKAGE_TARNAME "sundials"
| #define PACKAGE_VERSION "2.3.0"
| #define PACKAGE_STRING "SUNDIALS 2.3.0"
| #define PACKAGE_BUGREPORT "radu@llnl.gov"
| /* end confdefs.h.  */
| #include <stdarg.h>
| #include <stdio.h>
| #include <sys/types.h>
| #include <sys/stat.h>
| /* Most of the following tests are stolen from RCS 5.7's src/conf.sh.  */
| struct buf { int x; };
| FILE * (*rcsopen) (struct buf *, struct stat *, int);
| static char *e (p, i)
|      char **p;
|      int i;
| {
|   return p[i];
| }
| static char *f (char * (*g) (char **, int), char **p, ...)
| {
|   char *s;
|   va_list v;
|   va_start (v,p);
|   s = g (p, va_arg (v,int));
|   va_end (v);
|   return s;
| }
| 
| /* OSF 4.0 Compaq cc is some sort of almost-ANSI by default.  It has
|    function prototypes and stuff, but not '\xHH' hex character constants.
|    These don't provoke an error unfortunately, instead are silently treated
|    as 'x'.  The following induces an error, until -std is added to get
|    proper ANSI mode.  Curiously '\x00'!='x' always comes out true, for an
|    array size at least.  It's necessary to write '\x00'==0 to get something
|    that's true only with -std.  */
| int osf4_cc_array ['\x00' == 0 ? 1 : -1];
| 
| /* IBM C 6 for AIX is almost-ANSI by default, but it replaces macro parameters
|    inside strings and character constants.  */
| #define FOO(x) 'x'
| int xlc6_cc_array[FOO(a) == 'x' ? 1 : -1];
| 
| int test (int i, double x);
| struct s1 {int (*f) (int a);};
| struct s2 {int (*f) (double a);};
| int pairnames (int, char **, FILE *(*)(struct buf *, struct stat *, int), int, int);
| int argc;
| char **argv;
| int
| main ()
| {
| return f (e, argv, 0) != argv[0]  ||  f (e, argv, 1) != argv[1];
|   ;
|   return 0;
| }
configure:3462: g++ -Xc -D__EXTENSIONS__ -c -g -O2  conftest.c >&5
g++: unrecognized option '-Xc'
conftest.c:15: error: 'p' was not declared in this scope
conftest.c:15: error: 'i' was not declared in this scope
conftest.c:15: error: initializer expression list treated as compound expression
conftest.c:16: error: expected ',' or ';' before 'char'
conftest.c:18: error: expected unqualified-id before '{' token
conftest.c: In function 'int main()':
conftest.c:54: error: cannot convert 'char*' to 'char* (*)(char**, int)' for argument '1' to 'char* f(char* (*)(char**, int), char**, ...)'
conftest.c:54: error: cannot convert 'char*' to 'char* (*)(char**, int)' for argument '1' to 'char* f(char* (*)(char**, int), char**, ...)'
configure:3468: $? = 1
configure: failed program was:
| /* confdefs.h.  */
| #define PACKAGE_NAME "SUNDIALS"
| #define PACKAGE_TARNAME "sundials"
| #define PACKAGE_VERSION "2.3.0"
| #define PACKAGE_STRING "SUNDIALS 2.3.0"
| #define PACKAGE_BUGREPORT "radu@llnl.gov"
| /* end confdefs.h.  */
| #include <stdarg.h>
| #include <stdio.h>
| #include <sys/types.h>
| #include <sys/stat.h>
| /* Most of the following tests are stolen from RCS 5.7's src/conf.sh.  */
| struct buf { int x; };
| FILE * (*rcsopen) (struct buf *, struct stat *, int);
| static char *e (p, i)
|      char **p;
|      int i;
| {
|   return p[i];
| }
| static char *f (char * (*g) (char **, int), char **p, ...)
| {
|   char *s;
|   va_list v;
|   va_start (v,p);
|   s = g (p, va_arg (v,int));
|   va_end (v);
|   return s;
| }
| 
| /* OSF 4.0 Compaq cc is some sort of almost-ANSI by default.  It has
|    function prototypes and stuff, but not '\xHH' hex character constants.
|    These don't provoke an error unfortunately, instead are silently treated
|    as 'x'.  The following induces an error, until -std is added to get
|    proper ANSI mode.  Curiously '\x00'!='x' always comes out true, for an
|    array size at least.  It's necessary to write '\x00'==0 to get something
|    that's true only with -std.  */
| int osf4_cc_array ['\x00' == 0 ? 1 : -1];
| 
| /* IBM C 6 for AIX is almost-ANSI by default, but it replaces macro parameters
|    inside strings and character constants.  */
| #define FOO(x) 'x'
| int xlc6_cc_array[FOO(a) == 'x' ? 1 : -1];
| 
| int test (int i, double x);
| struct s1 {int (*f) (int a);};
| struct s2 {int (*f) (double a);};
| int pairnames (int, char **, FILE *(*)(struct buf *, struct stat *, int), int, int);
| int argc;
| char **argv;
| int
| main ()
| {
| return f (e, argv, 0) != argv[0]  ||  f (e, argv, 1) != argv[1];
|   ;
|   return 0;
| }
configure:3511: result: unsupported
configure:3529: checking for grep that handles long lines and -e
configure:3603: result: /bin/grep
configure:3608: checking for egrep
configure:3686: result: /bin/grep -E
configure:3705: checking for sys/types.h
configure:3726: g++ -c -g -O2  conftest.c >&5
configure:3732: $? = 0
configure:3739: test -z "$ac_c_werror_flag" || test ! -s conftest.err
configure:3742: $? = 0
configure:3749: test -s conftest.o
configure:3752: $? = 0
configure:3765: result: yes
configure:3705: checking for sys/stat.h
configure:3726: g++ -c -g -O2  conftest.c >&5
configure:3732: $? = 0
configure:3739: test -z "$ac_c_werror_flag" || test ! -s conftest.err
configure:3742: $? = 0
configure:3749: test -s conftest.o
configure:3752: $? = 0
configure:3765: result: yes
configure:3705: checking for stdlib.h
configure:3726: g++ -c -g -O2  conftest.c >&5
configure:3732: $? = 0
configure:3739: test -z "$ac_c_werror_flag" || test ! -s conftest.err
configure:3742: $? = 0
configure:3749: test -s conftest.o
configure:3752: $? = 0
configure:3765: result: yes
configure:3705: checking for string.h
configure:3726: g++ -c -g -O2  conftest.c >&5
configure:3732: $? = 0
configure:3739: test -z "$ac_c_werror_flag" || test ! -s conftest.err
configure:3742: $? = 0
configure:3749: test -s conftest.o
configure:3752: $? = 0
configure:3765: result: yes
configure:3705: checking for memory.h
configure:3726: g++ -c -g -O2  conftest.c >&5
configure:3732: $? = 0
configure:3739: test -z "$ac_c_werror_flag" || test ! -s conftest.err
configure:3742: $? = 0
configure:3749: test -s conftest.o
configure:3752: $? = 0
configure:3765: result: yes
configure:3705: checking for strings.h
configure:3726: g++ -c -g -O2  conftest.c >&5
configure:3732: $? = 0
configure:3739: test -z "$ac_c_werror_flag" || test ! -s conftest.err
configure:3742: $? = 0
configure:3749: test -s conftest.o
configure:3752: $? = 0
configure:3765: result: yes
configure:3705: checking for inttypes.h
configure:3726: g++ -c -g -O2  conftest.c >&5
configure:3732: $? = 0
configure:3739: test -z "$ac_c_werror_flag" || test ! -s conftest.err
configure:3742: $? = 0
configure:3749: test -s conftest.o
configure:3752: $? = 0
configure:3765: result: yes
configure:3705: checking for stdint.h
configure:3726: g++ -c -g -O2  conftest.c >&5
configure:3732: $? = 0
configure:3739: test -z "$ac_c_werror_flag" || test ! -s conftest.err
configure:3742: $? = 0
configure:3749: test -s conftest.o
configure:3752: $? = 0
configure:3765: result: yes
configure:3705: checking for unistd.h
configure:3726: g++ -c -g -O2  conftest.c >&5
configure:3732: $? = 0
configure:3739: test -z "$ac_c_werror_flag" || test ! -s conftest.err
configure:3742: $? = 0
configure:3749: test -s conftest.o
configure:3752: $? = 0
configure:3765: result: yes
configure:3823: checking floating-point data type to use
configure:3865: result: double
configure:3912: checking for extra C compiler flags
configure:3924: result: none
configure:3937: checking how to run the C preprocessor
configure:3977: g++ -E  conftest.c
configure:3983: $? = 0
configure:4021: g++ -E  conftest.c
conftest.c:18:28: error: ac_nonexistent.h: No such file or directory
configure:4027: $? = 1
configure: failed program was:
| /* confdefs.h.  */
| #define PACKAGE_NAME "SUNDIALS"
| #define PACKAGE_TARNAME "sundials"
| #define PACKAGE_VERSION "2.3.0"
| #define PACKAGE_STRING "SUNDIALS 2.3.0"
| #define PACKAGE_BUGREPORT "radu@llnl.gov"
| #define HAVE_SYS_TYPES_H 1
| #define HAVE_SYS_STAT_H 1
| #define HAVE_STDLIB_H 1
| #define HAVE_STRING_H 1
| #define HAVE_MEMORY_H 1
| #define HAVE_STRINGS_H 1
| #define HAVE_INTTYPES_H 1
| #define HAVE_STDINT_H 1
| #define HAVE_UNISTD_H 1
| #define SUNDIALS_DOUBLE_PRECISION 1
| /* end confdefs.h.  */
| #include <ac_nonexistent.h>
configure:4067: result: g++ -E
configure:4096: g++ -E  conftest.c
configure:4102: $? = 0
configure:4140: g++ -E  conftest.c
conftest.c:18:28: error: ac_nonexistent.h: No such file or directory
configure:4146: $? = 1
configure: failed program was:
| /* confdefs.h.  */
| #define PACKAGE_NAME "SUNDIALS"
| #define PACKAGE_TARNAME "sundials"
| #define PACKAGE_VERSION "2.3.0"
| #define PACKAGE_STRING "SUNDIALS 2.3.0"
| #define PACKAGE_BUGREPORT "radu@llnl.gov"
| #define HAVE_SYS_TYPES_H 1
| #define HAVE_SYS_STAT_H 1
| #define HAVE_STDLIB_H 1
| #define HAVE_STRING_H 1
| #define HAVE_MEMORY_H 1
| #define HAVE_STRINGS_H 1
| #define HAVE_INTTYPES_H 1
| #define HAVE_STDINT_H 1
| #define HAVE_UNISTD_H 1
| #define SUNDIALS_DOUBLE_PRECISION 1
| /* end confdefs.h.  */
| #include <ac_nonexistent.h>
configure:4204: checking for extra C/C++ preprocessor flags
configure:4216: result: none
configure:4257: checking for extra linker flags
configure:4269: result: none
configure:4276: checking for extra libraries
configure:4292: result: none
configure:4301: checking for ANSI C header files
configure:4331: g++ -c   conftest.c >&5
configure:4337: $? = 0
configure:4344: test -z "$ac_c_werror_flag" || test ! -s conftest.err
configure:4347: $? = 0
configure:4354: test -s conftest.o
configure:4357: $? = 0
configure:4453: g++ -o conftest    conftest.c  >&5
configure:4456: $? = 0
configure:4462: ./conftest
configure:4465: $? = 0
configure:4482: result: yes
configure:4499: checking for stdlib.h
configure:4505: result: yes
configure:4509: checking float.h usability
configure:4526: g++ -c   conftest.c >&5
configure:4532: $? = 0
configure:4539: test -z "$ac_c_werror_flag" || test ! -s conftest.err
configure:4542: $? = 0
configure:4549: test -s conftest.o
configure:4552: $? = 0
configure:4563: result: yes
configure:4567: checking float.h presence
configure:4582: g++ -E  conftest.c
configure:4588: $? = 0
configure:4609: result: yes
configure:4642: checking for float.h
configure:4650: result: yes
configure:4509: checking math.h usability
configure:4526: g++ -c   conftest.c >&5
configure:4532: $? = 0
configure:4539: test -z "$ac_c_werror_flag" || test ! -s conftest.err
configure:4542: $? = 0
configure:4549: test -s conftest.o
configure:4552: $? = 0
configure:4563: result: yes
configure:4567: checking math.h presence
configure:4582: g++ -E  conftest.c
configure:4588: $? = 0
configure:4609: result: yes
configure:4642: checking for math.h
configure:4650: result: yes
configure:4681: checking for abs in -lm
configure:4716: g++ -o conftest    conftest.c -lm   >&5
configure:4722: $? = 0
configure:4729: test -z "$ac_c_werror_flag" || test ! -s conftest.err
configure:4732: $? = 0
configure:4739: test -s conftest
configure:4742: $? = 0
configure:4756: result: yes
configure:5314: checking for fabs in -lm
configure:5349: g++ -o conftest    conftest.c -lm   >&5
configure:5355: $? = 0
configure:5362: test -z "$ac_c_werror_flag" || test ! -s conftest.err
configure:5365: $? = 0
configure:5372: test -s conftest
configure:5375: $? = 0
configure:5389: result: yes
configure:5405: checking for pow in -lm
configure:5440: g++ -o conftest    conftest.c -lm  -lm  >&5
configure:5446: $? = 0
configure:5453: test -z "$ac_c_werror_flag" || test ! -s conftest.err
configure:5456: $? = 0
configure:5463: test -s conftest
configure:5466: $? = 0
configure:5480: result: yes
configure:5496: checking for sqrt in -lm
configure:5531: g++ -o conftest    conftest.c -lm  -lm -lm  >&5
configure:5537: $? = 0
configure:5544: test -z "$ac_c_werror_flag" || test ! -s conftest.err
configure:5547: $? = 0
configure:5554: test -s conftest
configure:5557: $? = 0
configure:5571: result: yes
configure:5888: checking for additional required C libraries
configure:5899: result: -lm 
configure:5909: checking for int
configure:5939: g++ -c   conftest.c >&5
configure:5945: $? = 0
configure:5952: test -z "$ac_c_werror_flag" || test ! -s conftest.err
configure:5955: $? = 0
configure:5962: test -s conftest.o
configure:5965: $? = 0
configure:5977: result: yes
configure:5980: checking size of int
configure:6368: g++ -o conftest    conftest.c -lm  >&5
configure:6371: $? = 0
configure:6377: ./conftest
configure:6380: $? = 0
configure:6402: result: 4
configure:6411: checking for long int
configure:6441: g++ -c   conftest.c >&5
configure:6447: $? = 0
configure:6454: test -z "$ac_c_werror_flag" || test ! -s conftest.err
configure:6457: $? = 0
configure:6464: test -s conftest.o
configure:6467: $? = 0
configure:6479: result: yes
configure:6482: checking size of long int
configure:6870: g++ -o conftest    conftest.c -lm  >&5
configure:6873: $? = 0
configure:6879: ./conftest
configure:6882: $? = 0
configure:6904: result: 8
configure:7416: checking for double
configure:7446: g++ -c   conftest.c >&5
configure:7452: $? = 0
configure:7459: test -z "$ac_c_werror_flag" || test ! -s conftest.err
configure:7462: $? = 0
configure:7469: test -s conftest.o
configure:7472: $? = 0
configure:7484: result: yes
configure:7487: checking size of double
configure:7875: g++ -o conftest    conftest.c -lm  >&5
configure:7878: $? = 0
configure:7884: ./conftest
configure:7887: $? = 0
configure:7909: result: 8
configure:8420: checking for egrep
configure:8498: result: /bin/grep -E
configure:8505: checking for fgrep
configure:8583: result: /bin/grep -F
configure:8607: checking if g++ is a C++ compiler
configure:8643: g++ -o conftest    conftest.c -lm  >&5
configure:8646: $? = 0
configure:8652: ./conftest
configure:8655: $? = 0
configure:8658: result: yes
configure:12180: checking for a sed that does not truncate output
configure:12234: result: /bin/sed
configure:12248: checking for ld used by g++
configure:12315: result: /usr/bin/ld
configure:12324: checking if the linker (/usr/bin/ld) is GNU ld
configure:12339: result: yes
configure:12344: checking for /usr/bin/ld option to reload object files
configure:12351: result: -r
configure:12369: checking for BSD-compatible nm
configure:12418: result: /usr/bin/nm -B
configure:12422: checking whether ln -s works
configure:12426: result: yes
configure:12433: checking how to recognise dependent libraries
configure:12609: result: pass_all
configure:12696: g++ -c   conftest.c >&5
configure:12699: $? = 0
configure:13160: checking dlfcn.h usability
configure:13177: g++ -c   conftest.c >&5
configure:13183: $? = 0
configure:13190: test -z "$ac_c_werror_flag" || test ! -s conftest.err
configure:13193: $? = 0
configure:13200: test -s conftest.o
configure:13203: $? = 0
configure:13214: result: yes
configure:13218: checking dlfcn.h presence
configure:13233: g++ -E  conftest.c
configure:13239: $? = 0
configure:13260: result: yes
configure:13293: checking for dlfcn.h
configure:13301: result: yes
configure:13372: checking for g++
configure:13388: found /usr/bin/g++
configure:13399: result: g++
configure:13430: checking for C++ compiler version
configure:13437: g++ --version >&5
g++ (GCC) 4.4.3 20100127 (Red Hat 4.4.3-4)
Copyright (C) 2010 Free Software Foundation, Inc.
This is free software; see the source for copying conditions.  There is NO
warranty; not even for MERCHANTABILITY or FITNESS FOR A PARTICULAR PURPOSE.

configure:13440: $? = 0
configure:13447: g++ -v >&5
Using built-in specs.
Target: x86_64-redhat-linux
Configured with: ../configure --prefix=/usr --mandir=/usr/share/man --infodir=/usr/share/info --with-bugurl=http://bugzilla.redhat.com/bugzilla --enable-bootstrap --enable-shared --enable-threads=posix --enable-checking=release --with-system-zlib --enable-__cxa_atexit --disable-libunwind-exceptions --enable-gnu-unique-object --enable-languages=c,c++,objc,obj-c++,java,fortran,ada --enable-java-awt=gtk --disable-dssi --enable-plugin --with-java-home=/usr/lib/jvm/java-1.5.0-gcj-1.5.0.0/jre --enable-libgcj-multifile --enable-java-maintainer-mode --with-ecj-jar=/usr/share/java/eclipse-ecj.jar --disable-libjava-multilib --with-ppl --with-cloog --with-tune=generic --with-arch_32=i686 --build=x86_64-redhat-linux
Thread model: posix
gcc version 4.4.3 20100127 (Red Hat 4.4.3-4) (GCC) 
configure:13450: $? = 0
configure:13457: g++ -V >&5
g++: '-V' option must have argument
configure:13460: $? = 1
configure:13463: checking whether we are using the GNU C++ compiler
configure:13492: g++ -c   conftest.cpp >&5
configure:13498: $? = 0
configure:13505: test -z "$ac_cxx_werror_flag" || test ! -s conftest.err
configure:13508: $? = 0
configure:13515: test -s conftest.o
configure:13518: $? = 0
configure:13532: result: yes
configure:13537: checking whether g++ accepts -g
configure:13567: g++ -c -g  conftest.cpp >&5
configure:13573: $? = 0
configure:13580: test -z "$ac_cxx_werror_flag" || test ! -s conftest.err
configure:13583: $? = 0
configure:13590: test -s conftest.o
configure:13593: $? = 0
configure:13723: result: yes
configure:13756: checking how to run the C++ preprocessor
configure:13792: g++ -E  conftest.cpp
configure:13798: $? = 0
configure:13836: g++ -E  conftest.cpp
conftest.cpp:31:28: error: ac_nonexistent.h: No such file or directory
configure:13842: $? = 1
configure: failed program was:
| /* confdefs.h.  */
| #define PACKAGE_NAME "SUNDIALS"
| #define PACKAGE_TARNAME "sundials"
| #define PACKAGE_VERSION "2.3.0"
| #define PACKAGE_STRING "SUNDIALS 2.3.0"
| #define PACKAGE_BUGREPORT "radu@llnl.gov"
| #define HAVE_SYS_TYPES_H 1
| #define HAVE_SYS_STAT_H 1
| #define HAVE_STDLIB_H 1
| #define HAVE_STRING_H 1
| #define HAVE_MEMORY_H 1
| #define HAVE_STRINGS_H 1
| #define HAVE_INTTYPES_H 1
| #define HAVE_STDINT_H 1
| #define HAVE_UNISTD_H 1
| #define SUNDIALS_DOUBLE_PRECISION 1
| #define STDC_HEADERS 1
| #define HAVE_STDLIB_H 1
| #define HAVE_FLOAT_H 1
| #define HAVE_MATH_H 1
| #define HAVE_LIBM 1
| #define HAVE_LIBM 1
| #define HAVE_LIBM 1
| #define HAVE_LIBM 1
| #define SUNDIALS_USE_GENERIC_MATH 1
| #define SIZEOF_INT 4
| #define SIZEOF_LONG_INT 8
| #define SIZEOF_DOUBLE 8
| #define HAVE_DLFCN_H 1
| /* end confdefs.h.  */
| #include <ac_nonexistent.h>
configure:13882: result: g++ -E
configure:13911: g++ -E  conftest.cpp
configure:13917: $? = 0
configure:13955: g++ -E  conftest.cpp
conftest.cpp:31:28: error: ac_nonexistent.h: No such file or directory
configure:13961: $? = 1
configure: failed program was:
| /* confdefs.h.  */
| #define PACKAGE_NAME "SUNDIALS"
| #define PACKAGE_TARNAME "sundials"
| #define PACKAGE_VERSION "2.3.0"
| #define PACKAGE_STRING "SUNDIALS 2.3.0"
| #define PACKAGE_BUGREPORT "radu@llnl.gov"
| #define HAVE_SYS_TYPES_H 1
| #define HAVE_SYS_STAT_H 1
| #define HAVE_STDLIB_H 1
| #define HAVE_STRING_H 1
| #define HAVE_MEMORY_H 1
| #define HAVE_STRINGS_H 1
| #define HAVE_INTTYPES_H 1
| #define HAVE_STDINT_H 1
| #define HAVE_UNISTD_H 1
| #define SUNDIALS_DOUBLE_PRECISION 1
| #define STDC_HEADERS 1
| #define HAVE_STDLIB_H 1
| #define HAVE_FLOAT_H 1
| #define HAVE_MATH_H 1
| #define HAVE_LIBM 1
| #define HAVE_LIBM 1
| #define HAVE_LIBM 1
| #define HAVE_LIBM 1
| #define SUNDIALS_USE_GENERIC_MATH 1
| #define SIZEOF_INT 4
| #define SIZEOF_LONG_INT 8
| #define SIZEOF_DOUBLE 8
| #define HAVE_DLFCN_H 1
| /* end confdefs.h.  */
| #include <ac_nonexistent.h>
configure:14012: checking the maximum length of command line arguments
configure:14121: result: 32768
configure:14132: checking command to parse /usr/bin/nm -B output from g++ object
configure:14237: g++ -c -g -O2  conftest.cpp >&5
configure:14240: $? = 0
configure:14244: /usr/bin/nm -B conftest.o \| sed -n -e 's/^.*[ 	]\([ABCDGIRSTW][ABCDGIRSTW]*\)[ 	][ 	]*\([_A-Za-z][_A-Za-z0-9]*\)$/\1 \2 \2/p' \> conftest.nm
configure:14247: $? = 0
configure:14299: g++ -o conftest -g -O2   conftest.cpp conftstm.o >&5
configure:14302: $? = 0
configure:14340: result: ok
configure:14344: checking for objdir
configure:14359: result: .libs
configure:14451: checking for ar
configure:14467: found /usr/bin/ar
configure:14478: result: ar
configure:14547: checking for ranlib
configure:14563: found /usr/bin/ranlib
configure:14574: result: ranlib
configure:14643: checking for strip
configure:14659: found /usr/bin/strip
configure:14670: result: strip
configure:14957: checking if g++ supports -fno-rtti -fno-exceptions
configure:14975: g++ -c   -fno-rtti -fno-exceptions conftest.c >&5
configure:14979: $? = 0
configure:14992: result: yes
configure:15007: checking for g++ option to produce PIC
configure:15217: result: -fPIC
configure:15225: checking if g++ PIC flag -fPIC works
configure:15243: g++ -c   -fPIC -DPIC conftest.c >&5
configure:15247: $? = 0
configure:15260: result: yes
configure:15288: checking if g++ static flag -static works
configure:15316: result: no
configure:15326: checking if g++ supports -c -o file.o
configure:15347: g++ -c   -o out/conftest2.o conftest.c >&5
configure:15351: $? = 0
configure:15373: result: yes
configure:15399: checking whether the g++ linker (/usr/bin/ld -m elf_x86_64) supports shared libraries
configure:16385: result: yes
configure:16452: checking dynamic linker characteristics
configure:17040: result: GNU/Linux ld.so
configure:17049: checking how to hardcode library paths into programs
configure:17074: result: immediate
configure:17088: checking whether stripping libraries is possible
configure:17093: result: yes
configure:18006: checking if libtool supports shared libraries
configure:18008: result: yes
configure:18011: checking whether to build shared libraries
configure:18032: result: no
configure:18035: checking whether to build static libraries
configure:18039: result: yes
configure:18131: creating libtool
configure:18720: checking for ld used by g++
configure:18787: result: /usr/bin/ld -m elf_x86_64
configure:18796: checking if the linker (/usr/bin/ld -m elf_x86_64) is GNU ld
configure:18811: result: yes
configure:18862: checking whether the g++ linker (/usr/bin/ld -m elf_x86_64) supports shared libraries
configure:19828: result: yes
configure:19846: g++ -c -g -O2  conftest.cpp >&5
configure:19849: $? = 0
configure:19968: checking for g++ option to produce PIC
configure:20242: result: -fPIC
configure:20250: checking if g++ PIC flag -fPIC works
configure:20268: g++ -c -g -O2  -fPIC -DPIC conftest.cpp >&5
configure:20272: $? = 0
configure:20285: result: yes
configure:20313: checking if g++ static flag -static works
configure:20341: result: no
configure:20351: checking if g++ supports -c -o file.o
configure:20372: g++ -c -g -O2  -o out/conftest2.o conftest.cpp >&5
configure:20376: $? = 0
configure:20398: result: yes
configure:20424: checking whether the g++ linker (/usr/bin/ld -m elf_x86_64) supports shared libraries
configure:20449: result: yes
configure:20516: checking dynamic linker characteristics
configure:21104: result: GNU/Linux ld.so
configure:21113: checking how to hardcode library paths into programs
configure:21138: result: immediate
configure:27818: creating ./config.status

## ---------------------- ##
## Running config.status. ##
## ---------------------- ##

This file was extended by SUNDIALS config.status 2.3.0, which was
generated by GNU Autoconf 2.60.  Invocation command line was

  CONFIG_FILES    = 
  CONFIG_HEADERS  = 
  CONFIG_LINKS    = 
  CONFIG_COMMANDS = 
  $ ./config.status 

on cslin189.csunix.comp.leeds.ac.uk

config.status:647: creating Makefile
config.status:647: creating src/sundials/Makefile
config.status:647: creating src/nvec_ser/Makefile
config.status:647: creating src/cvode/Makefile
config.status:647: creating src/cvodes/Makefile
config.status:647: creating src/ida/Makefile
config.status:647: creating src/kinsol/Makefile
config.status:647: creating src/sundials/sundials_config.h
config.status:647: creating sundials-config
config.status:647: creating config.h

## ---------------- ##
## Cache variables. ##
## ---------------- ##

ac_cv_build=x86_64-unknown-linux-gnu
ac_cv_c_compiler_gnu=yes
ac_cv_cxx_compiler_gnu=yes
ac_cv_env_CCC_set=
ac_cv_env_CCC_value=
ac_cv_env_CC_set=set
ac_cv_env_CC_value=g++
ac_cv_env_CFLAGS_set=
ac_cv_env_CFLAGS_value=
ac_cv_env_CPPFLAGS_set=
ac_cv_env_CPPFLAGS_value=
ac_cv_env_CPP_set=
ac_cv_env_CPP_value=
ac_cv_env_CXXCPP_set=
ac_cv_env_CXXCPP_value=
ac_cv_env_CXXFLAGS_set=
ac_cv_env_CXXFLAGS_value=
ac_cv_env_CXX_set=
ac_cv_env_CXX_value=
ac_cv_env_F77_set=
ac_cv_env_F77_value=
ac_cv_env_FFLAGS_set=
ac_cv_env_FFLAGS_value=
ac_cv_env_LDFLAGS_set=
ac_cv_env_LDFLAGS_value=
ac_cv_env_build_alias_set=
ac_cv_env_build_alias_value=
ac_cv_env_host_alias_set=
ac_cv_env_host_alias_value=
ac_cv_env_target_alias_set=
ac_cv_env_target_alias_value=
ac_cv_header_dlfcn_h=yes
ac_cv_header_float_h=yes
ac_cv_header_inttypes_h=yes
ac_cv_header_math_h=yes
ac_cv_header_memory_h=yes
ac_cv_header_stdc=yes
ac_cv_header_stdint_h=yes
ac_cv_header_stdlib_h=yes
ac_cv_header_string_h=yes
ac_cv_header_strings_h=yes
ac_cv_header_sys_stat_h=yes
ac_cv_header_sys_types_h=yes
ac_cv_header_unistd_h=yes
ac_cv_host=x86_64-unknown-linux-gnu
ac_cv_lib_m_abs=yes
ac_cv_lib_m_fabs=yes
ac_cv_lib_m_pow=yes
ac_cv_lib_m_sqrt=yes
ac_cv_objext=o
ac_cv_path_EGREP='/bin/grep -E'
ac_cv_path_FGREP='/bin/grep -F'
ac_cv_path_GREP=/bin/grep
ac_cv_path_install='/usr/bin/install -c'
ac_cv_prog_CPP='g++ -E'
ac_cv_prog_CXXCPP='g++ -E'
ac_cv_prog_ac_ct_AR=ar
ac_cv_prog_ac_ct_CXX=g++
ac_cv_prog_ac_ct_RANLIB=ranlib
ac_cv_prog_ac_ct_STRIP=strip
ac_cv_prog_cc_c89=no
ac_cv_prog_cc_g=yes
ac_cv_prog_cxx_g=yes
ac_cv_prog_make_make_set=yes
ac_cv_sizeof_double=8
ac_cv_sizeof_int=4
ac_cv_sizeof_long_int=8
ac_cv_type_double=yes
ac_cv_type_int=yes
ac_cv_type_long_int=yes
lt_cv_deplibs_check_method=pass_all
lt_cv_file_magic_cmd='$MAGIC_CMD'
lt_cv_file_magic_test_file=
lt_cv_ld_reload_flag=-r
lt_cv_objdir=.libs
lt_cv_path_LD=/usr/bin/ld
lt_cv_path_LDCXX='/usr/bin/ld -m elf_x86_64'
lt_cv_path_NM='/usr/bin/nm -B'
lt_cv_path_SED=/bin/sed
lt_cv_prog_compiler_c_o=yes
lt_cv_prog_compiler_c_o_CXX=yes
lt_cv_prog_compiler_rtti_exceptions=yes
lt_cv_prog_gnu_ld=yes
lt_cv_prog_gnu_ldcxx=yes
lt_cv_sys_global_symbol_pipe='sed -n -e '\''s/^.*[ 	]\([ABCDGIRSTW][ABCDGIRSTW]*\)[ 	][ 	]*\([_A-Za-z][_A-Za-z0-9]*\)$/\1 \2 \2/p'\'''
lt_cv_sys_global_symbol_to_c_name_address='sed -n -e '\''s/^: \([^ ]*\) $/  {\"\1\", (lt_ptr) 0},/p'\'' -e '\''s/^[BCDEGRST] \([^ ]*\) \([^ ]*\)$/  {"\2", (lt_ptr) \&\2},/p'\'''
lt_cv_sys_global_symbol_to_cdecl='sed -n -e '\''s/^. .* \(.*\)$/extern int \1;/p'\'''
lt_cv_sys_max_cmd_len=32768
lt_lt_cv_prog_compiler_c_o='"yes"'
lt_lt_cv_prog_compiler_c_o_CXX='"yes"'
lt_lt_cv_sys_global_symbol_pipe='"sed -n -e '\''s/^.*[ 	]\\([ABCDGIRSTW][ABCDGIRSTW]*\\)[ 	][ 	]*\\([_A-Za-z][_A-Za-z0-9]*\\)\$/\\1 \\2 \\2/p'\''"'
lt_lt_cv_sys_global_symbol_to_c_name_address='"sed -n -e '\''s/^: \\([^ ]*\\) \$/  {\\\"\\1\\\", (lt_ptr) 0},/p'\'' -e '\''s/^[BCDEGRST] \\([^ ]*\\) \\([^ ]*\\)\$/  {\"\\2\", (lt_ptr) \\&\\2},/p'\''"'
lt_lt_cv_sys_global_symbol_to_cdecl='"sed -n -e '\''s/^. .* \\(.*\\)\$/extern int \\1;/p'\''"'

## ----------------- ##
## Output variables. ##
## ----------------- ##

AR='ar'
AS='as'
CC='g++'
CFLAGS=''
CPP='g++ -E'
CPPFLAGS=''
CXX='g++'
CXXCPP='g++ -E'
CXXFLAGS='-g -O2'
DEFS='-DHAVE_CONFIG_H'
DLLTOOL='dlltool'
ECHO='echo'
ECHO_C=''
ECHO_N='-n'
ECHO_T=''
EGREP='/bin/grep -E'
EXEEXT=''
EXS_INSTDIR=''
EXS_MODULES=''
F77=''
F77_CASE=''
F77_LNKR=''
F77_MANGLE_MACRO1=''
F77_MANGLE_MACRO2=''
F77_MPI_COMM_F2C=''
F77_UNDERSCORES=''
FCMIX_ENABLED='no'
FFLAGS=''
FGREP='/bin/grep -F'
FLIBS=''
FLOAT_TYPE='double'
GENERIC_MATH_LIB='#define SUNDIALS_USE_GENERIC_MATH 1'
GREP='/bin/grep'
INSTALL_DATA='${INSTALL} -m 644'
INSTALL_PROGRAM='${INSTALL}'
INSTALL_SCRIPT='${INSTALL}'
LDFLAGS=''
LIBOBJS=''
LIBS='-lm '
LIBTOOL='$(SHELL) $(top_builddir)/libtool'
LIBTOOL_DEPS='config/ltmain.sh'
LN_S='ln -s'
LTLIBOBJS=''
MATLAB_CMD=''
MATLAB_CMD_FLAGS=''
MEXEXT=''
MEXFLAGS=''
MEXLDADD=''
MEXOPTS=''
MPICC=''
MPICC_COMP=''
MPIF77=''
MPIF77_COMP=''
MPIF77_LNKR=''
MPI_FLAGS=''
MPI_INC_DIR=''
MPI_LIBS=''
MPI_LIB_DIR=''
OBJDUMP='objdump'
OBJEXT='o'
PACKAGE_BUGREPORT='radu@llnl.gov'
PACKAGE_NAME='SUNDIALS'
PACKAGE_STRING='SUNDIALS 2.3.0'
PACKAGE_TARNAME='sundials'
PACKAGE_VERSION='2.3.0'
PATH_SEPARATOR=':'
PRECISION_LEVEL='#define SUNDIALS_DOUBLE_PRECISION 1'
RANLIB='ranlib'
SET_MAKE=''
SHELL='/bin/sh'
SLV_MODULES='src/sundials src/nvec_ser src/cvode src/cvodes src/ida src/kinsol'
STB_INSTDIR=''
STB_MODULES=''
STB_OS=''
STB_PARALLEL_OK='no'
STB_PATH=''
STRIP='strip'
ac_ct_CC=''
ac_ct_CXX='g++'
ac_ct_F77=''
bindir='${exec_prefix}/bin'
build='x86_64-unknown-linux-gnu'
build_alias=''
build_cpu='x86_64'
build_os='linux-gnu'
build_vendor='unknown'
datadir='${datarootdir}'
datarootdir='${prefix}/share'
docdir='${datarootdir}/doc/${PACKAGE_TARNAME}'
dvidir='${docdir}'
exec_prefix='${prefix}'
host='x86_64-unknown-linux-gnu'
host_alias=''
host_cpu='x86_64'
host_os='linux-gnu'
host_vendor='unknown'
htmldir='${docdir}'
includedir='${prefix}/include'
infodir='${datarootdir}/info'
libdir='${exec_prefix}/lib'
libexecdir='${exec_prefix}/libexec'
localedir='${datarootdir}/locale'
localstatedir='${prefix}/var'
mandir='${datarootdir}/man'
oldincludedir='/usr/include'
pdfdir='${docdir}'
prefix='/home/cserv2_a/soc_staff/scsjhb/Programming/TestingCodeForPaper/WormSim/Sundials'
program_transform_name='s,x,x,'
psdir='${docdir}'
sbindir='${exec_prefix}/sbin'
sharedstatedir='${prefix}/com'
sysconfdir='${prefix}/etc'
target_alias=''

## ----------- ##
## confdefs.h. ##
## ----------- ##

#define PACKAGE_NAME "SUNDIALS"
#define PACKAGE_TARNAME "sundials"
#define PACKAGE_VERSION "2.3.0"
#define PACKAGE_STRING "SUNDIALS 2.3.0"
#define PACKAGE_BUGREPORT "radu@llnl.gov"
#define HAVE_SYS_TYPES_H 1
#define HAVE_SYS_STAT_H 1
#define HAVE_STDLIB_H 1
#define HAVE_STRING_H 1
#define HAVE_MEMORY_H 1
#define HAVE_STRINGS_H 1
#define HAVE_INTTYPES_H 1
#define HAVE_STDINT_H 1
#define HAVE_UNISTD_H 1
#define SUNDIALS_DOUBLE_PRECISION 1
#define STDC_HEADERS 1
#define HAVE_STDLIB_H 1
#define HAVE_FLOAT_H 1
#define HAVE_MATH_H 1
#define HAVE_LIBM 1
#define HAVE_LIBM 1
#define HAVE_LIBM 1
#define HAVE_LIBM 1
#define SUNDIALS_USE_GENERIC_MATH 1
#define SIZEOF_INT 4
#define SIZEOF_LONG_INT 8
#define SIZEOF_DOUBLE 8
#define HAVE_DLFCN_H 1

configure: exit 0
